{"/Users/nouryjanse/Code/recipes/server/app.ts": {"path":"/Users/nouryjanse/Code/recipes/server/app.ts","statementMap":{"0":{"start":{"line":1,"column":0},"end":{"line":1,"column":23}},"1":{"start":{"line":2,"column":0},"end":{"line":2,"column":39}},"2":{"start":{"line":3,"column":0},"end":{"line":3,"column":31}},"3":{"start":{"line":6,"column":0},"end":{"line":29,"column":null}},"4":{"start":{"line":15,"column":4},"end":{"line":18,"column":null}},"5":{"start":{"line":22,"column":4},"end":{"line":25,"column":null}},"6":{"start":{"line":27,"column":4},"end":{"line":27,"column":null}}},"fnMap":{"0":{"name":"(anonymous_1)","decl":{"start":{"line":7,"column":2},"end":{"line":7,"column":null}},"loc":{"start":{"line":11,"column":12},"end":{"line":28,"column":3}}}},"branchMap":{},"s":{"0":3,"1":3,"2":3,"3":3,"4":3,"5":3,"6":3},"f":{"0":3},"b":{}}
,"/Users/nouryjanse/Code/recipes/server/constants/ERROR_MESSAGES.ts": {"path":"/Users/nouryjanse/Code/recipes/server/constants/ERROR_MESSAGES.ts","statementMap":{"0":{"start":{"line":1,"column":23},"end":{"line":3,"column":null}},"1":{"start":{"line":4,"column":0},"end":{"line":4,"column":null}}},"fnMap":{},"branchMap":{},"s":{"0":3,"1":3},"f":{},"b":{}}
,"/Users/nouryjanse/Code/recipes/server/constants/HTTP_CODES.ts": {"path":"/Users/nouryjanse/Code/recipes/server/constants/HTTP_CODES.ts","statementMap":{"0":{"start":{"line":1,"column":19},"end":{"line":12,"column":null}},"1":{"start":{"line":13,"column":0},"end":{"line":13,"column":null}}},"fnMap":{},"branchMap":{},"s":{"0":3,"1":3},"f":{},"b":{}}
,"/Users/nouryjanse/Code/recipes/server/constants/index.ts": {"path":"/Users/nouryjanse/Code/recipes/server/constants/index.ts","statementMap":{"0":{"start":{"line":1,"column":0},"end":{"line":1,"column":9}},"1":{"start":{"line":1,"column":9},"end":{"line":1,"column":30}}},"fnMap":{"0":{"name":"(anonymous_1)","decl":{"start":{"line":1,"column":9},"end":{"line":1,"column":16}},"loc":{"start":{"line":1,"column":9},"end":{"line":1,"column":30}}}},"branchMap":{},"s":{"0":3,"1":8},"f":{"0":5},"b":{}}
,"/Users/nouryjanse/Code/recipes/server/controllers/recipes/createRecipe.ts": {"path":"/Users/nouryjanse/Code/recipes/server/controllers/recipes/createRecipe.ts","statementMap":{"0":{"start":{"line":2,"column":0},"end":{"line":2,"column":44}},"1":{"start":{"line":3,"column":0},"end":{"line":3,"column":63}},"2":{"start":{"line":4,"column":0},"end":{"line":4,"column":60}},"3":{"start":{"line":6,"column":24},"end":{"line":36,"column":null}},"4":{"start":{"line":9,"column":27},"end":{"line":36,"column":null}},"5":{"start":{"line":10,"column":2},"end":{"line":35,"column":null}},"6":{"start":{"line":11,"column":19},"end":{"line":16,"column":null}},"7":{"start":{"line":19,"column":4},"end":{"line":19,"column":null}},"8":{"start":{"line":19,"column":17},"end":{"line":19,"column":null}},"9":{"start":{"line":21,"column":20},"end":{"line":21,"column":49}},"10":{"start":{"line":23,"column":18},"end":{"line":23,"column":39}},"11":{"start":{"line":24,"column":4},"end":{"line":26,"column":null}},"12":{"start":{"line":25,"column":6},"end":{"line":25,"column":null}},"13":{"start":{"line":28,"column":4},"end":{"line":28,"column":null}},"14":{"start":{"line":30,"column":4},"end":{"line":30,"column":null}},"15":{"start":{"line":31,"column":4},"end":{"line":33,"column":null}},"16":{"start":{"line":32,"column":6},"end":{"line":32,"column":null}},"17":{"start":{"line":34,"column":4},"end":{"line":34,"column":null}},"18":{"start":{"line":38,"column":0},"end":{"line":38,"column":null}}},"fnMap":{"0":{"name":"(anonymous_7)","decl":{"start":{"line":6,"column":24},"end":{"line":6,"column":null}},"loc":{"start":{"line":9,"column":27},"end":{"line":36,"column":null}}},"1":{"name":"(anonymous_8)","decl":{"start":{"line":9,"column":27},"end":{"line":9,"column":null}},"loc":{"start":{"line":9,"column":27},"end":{"line":36,"column":1}}}},"branchMap":{"0":{"loc":{"start":{"line":19,"column":4},"end":{"line":19,"column":null}},"type":"if","locations":[{"start":{"line":19,"column":4},"end":{"line":19,"column":null}}]},"1":{"loc":{"start":{"line":24,"column":4},"end":{"line":26,"column":null}},"type":"if","locations":[{"start":{"line":24,"column":4},"end":{"line":26,"column":null}}]},"2":{"loc":{"start":{"line":24,"column":8},"end":{"line":24,"column":37}},"type":"binary-expr","locations":[{"start":{"line":24,"column":8},"end":{"line":24,"column":13}},{"start":{"line":24,"column":17},"end":{"line":24,"column":37}}]},"3":{"loc":{"start":{"line":31,"column":4},"end":{"line":33,"column":null}},"type":"if","locations":[{"start":{"line":31,"column":4},"end":{"line":33,"column":null}}]}},"s":{"0":3,"1":3,"2":3,"3":3,"4":3,"5":3,"6":3,"7":2,"8":0,"9":2,"10":0,"11":0,"12":0,"13":0,"14":3,"15":3,"16":1,"17":2,"18":3},"f":{"0":3,"1":3},"b":{"0":[0],"1":[0],"2":[0,0],"3":[1]}}
,"/Users/nouryjanse/Code/recipes/server/controllers/recipes/deleteRecipe.ts": {"path":"/Users/nouryjanse/Code/recipes/server/controllers/recipes/deleteRecipe.ts","statementMap":{"0":{"start":{"line":2,"column":0},"end":{"line":2,"column":44}},"1":{"start":{"line":3,"column":0},"end":{"line":3,"column":63}},"2":{"start":{"line":5,"column":24},"end":{"line":28,"column":null}},"3":{"start":{"line":11,"column":27},"end":{"line":28,"column":null}},"4":{"start":{"line":12,"column":2},"end":{"line":27,"column":null}},"5":{"start":{"line":14,"column":18},"end":{"line":14,"column":39}},"6":{"start":{"line":16,"column":4},"end":{"line":16,"column":null}},"7":{"start":{"line":17,"column":4},"end":{"line":19,"column":null}},"8":{"start":{"line":18,"column":6},"end":{"line":18,"column":null}},"9":{"start":{"line":21,"column":20},"end":{"line":21,"column":49}},"10":{"start":{"line":23,"column":4},"end":{"line":23,"column":null}},"11":{"start":{"line":25,"column":4},"end":{"line":25,"column":null}},"12":{"start":{"line":26,"column":4},"end":{"line":26,"column":null}},"13":{"start":{"line":30,"column":0},"end":{"line":30,"column":null}}},"fnMap":{"0":{"name":"(anonymous_7)","decl":{"start":{"line":5,"column":24},"end":{"line":5,"column":null}},"loc":{"start":{"line":11,"column":27},"end":{"line":28,"column":null}}},"1":{"name":"(anonymous_8)","decl":{"start":{"line":11,"column":27},"end":{"line":11,"column":null}},"loc":{"start":{"line":11,"column":27},"end":{"line":28,"column":1}}}},"branchMap":{"0":{"loc":{"start":{"line":17,"column":4},"end":{"line":19,"column":null}},"type":"if","locations":[{"start":{"line":17,"column":4},"end":{"line":19,"column":null}}]},"1":{"loc":{"start":{"line":17,"column":8},"end":{"line":17,"column":37}},"type":"binary-expr","locations":[{"start":{"line":17,"column":8},"end":{"line":17,"column":13}},{"start":{"line":17,"column":17},"end":{"line":17,"column":37}}]}},"s":{"0":3,"1":3,"2":3,"3":0,"4":0,"5":0,"6":0,"7":0,"8":0,"9":0,"10":0,"11":0,"12":0,"13":3},"f":{"0":0,"1":0},"b":{"0":[0],"1":[0,0]}}
,"/Users/nouryjanse/Code/recipes/server/controllers/recipes/getRecipe.ts": {"path":"/Users/nouryjanse/Code/recipes/server/controllers/recipes/getRecipe.ts","statementMap":{"0":{"start":{"line":3,"column":0},"end":{"line":3,"column":44}},"1":{"start":{"line":4,"column":0},"end":{"line":4,"column":50}},"2":{"start":{"line":5,"column":0},"end":{"line":5,"column":48}},"3":{"start":{"line":6,"column":0},"end":{"line":6,"column":62}},"4":{"start":{"line":8,"column":21},"end":{"line":22,"column":null}},"5":{"start":{"line":11,"column":27},"end":{"line":22,"column":null}},"6":{"start":{"line":12,"column":2},"end":{"line":21,"column":null}},"7":{"start":{"line":13,"column":27},"end":{"line":13,"column":82}},"8":{"start":{"line":14,"column":4},"end":{"line":14,"column":null}},"9":{"start":{"line":16,"column":4},"end":{"line":16,"column":null}},"10":{"start":{"line":17,"column":4},"end":{"line":19,"column":null}},"11":{"start":{"line":18,"column":6},"end":{"line":18,"column":null}},"12":{"start":{"line":20,"column":4},"end":{"line":20,"column":null}},"13":{"start":{"line":24,"column":0},"end":{"line":24,"column":null}}},"fnMap":{"0":{"name":"(anonymous_7)","decl":{"start":{"line":8,"column":21},"end":{"line":8,"column":null}},"loc":{"start":{"line":11,"column":27},"end":{"line":22,"column":null}}},"1":{"name":"(anonymous_8)","decl":{"start":{"line":11,"column":27},"end":{"line":11,"column":null}},"loc":{"start":{"line":11,"column":27},"end":{"line":22,"column":1}}}},"branchMap":{"0":{"loc":{"start":{"line":17,"column":4},"end":{"line":19,"column":null}},"type":"if","locations":[{"start":{"line":17,"column":4},"end":{"line":19,"column":null}}]}},"s":{"0":3,"1":3,"2":3,"3":3,"4":3,"5":0,"6":0,"7":0,"8":0,"9":0,"10":0,"11":0,"12":0,"13":3},"f":{"0":0,"1":0},"b":{"0":[0]}}
,"/Users/nouryjanse/Code/recipes/server/controllers/recipes/getRecipes.ts": {"path":"/Users/nouryjanse/Code/recipes/server/controllers/recipes/getRecipes.ts","statementMap":{"0":{"start":{"line":2,"column":0},"end":{"line":2,"column":44}},"1":{"start":{"line":3,"column":0},"end":{"line":3,"column":49}},"2":{"start":{"line":4,"column":0},"end":{"line":4,"column":50}},"3":{"start":{"line":6,"column":22},"end":{"line":36,"column":null}},"4":{"start":{"line":12,"column":27},"end":{"line":36,"column":null}},"5":{"start":{"line":13,"column":2},"end":{"line":35,"column":null}},"6":{"start":{"line":14,"column":18},"end":{"line":14,"column":39}},"7":{"start":{"line":16,"column":4},"end":{"line":22,"column":null}},"8":{"start":{"line":17,"column":6},"end":{"line":17,"column":null}},"9":{"start":{"line":18,"column":11},"end":{"line":22,"column":null}},"10":{"start":{"line":19,"column":22},"end":{"line":19,"column":51}},"11":{"start":{"line":20,"column":6},"end":{"line":20,"column":null}},"12":{"start":{"line":21,"column":6},"end":{"line":21,"column":null}},"13":{"start":{"line":24,"column":20},"end":{"line":24,"column":49}},"14":{"start":{"line":25,"column":4},"end":{"line":27,"column":null}},"15":{"start":{"line":26,"column":6},"end":{"line":26,"column":null}},"16":{"start":{"line":28,"column":4},"end":{"line":28,"column":null}},"17":{"start":{"line":30,"column":4},"end":{"line":30,"column":null}},"18":{"start":{"line":31,"column":4},"end":{"line":33,"column":null}},"19":{"start":{"line":32,"column":6},"end":{"line":32,"column":null}},"20":{"start":{"line":34,"column":4},"end":{"line":34,"column":null}},"21":{"start":{"line":38,"column":0},"end":{"line":38,"column":null}}},"fnMap":{"0":{"name":"(anonymous_7)","decl":{"start":{"line":6,"column":22},"end":{"line":6,"column":null}},"loc":{"start":{"line":12,"column":27},"end":{"line":36,"column":null}}},"1":{"name":"(anonymous_8)","decl":{"start":{"line":12,"column":27},"end":{"line":12,"column":null}},"loc":{"start":{"line":12,"column":27},"end":{"line":36,"column":1}}}},"branchMap":{"0":{"loc":{"start":{"line":16,"column":4},"end":{"line":22,"column":null}},"type":"if","locations":[{"start":{"line":16,"column":4},"end":{"line":22,"column":null}},{"start":{"line":18,"column":11},"end":{"line":22,"column":null}}]},"1":{"loc":{"start":{"line":16,"column":8},"end":{"line":16,"column":37}},"type":"binary-expr","locations":[{"start":{"line":16,"column":8},"end":{"line":16,"column":13}},{"start":{"line":16,"column":17},"end":{"line":16,"column":37}}]},"2":{"loc":{"start":{"line":18,"column":11},"end":{"line":22,"column":null}},"type":"if","locations":[{"start":{"line":18,"column":11},"end":{"line":22,"column":null}}]},"3":{"loc":{"start":{"line":25,"column":4},"end":{"line":27,"column":null}},"type":"if","locations":[{"start":{"line":25,"column":4},"end":{"line":27,"column":null}}]},"4":{"loc":{"start":{"line":25,"column":8},"end":{"line":25,"column":33}},"type":"binary-expr","locations":[{"start":{"line":25,"column":8},"end":{"line":25,"column":15}},{"start":{"line":25,"column":19},"end":{"line":25,"column":33}}]},"5":{"loc":{"start":{"line":31,"column":4},"end":{"line":33,"column":null}},"type":"if","locations":[{"start":{"line":31,"column":4},"end":{"line":33,"column":null}}]}},"s":{"0":3,"1":3,"2":3,"3":3,"4":2,"5":2,"6":2,"7":2,"8":0,"9":2,"10":0,"11":0,"12":0,"13":2,"14":0,"15":0,"16":0,"17":2,"18":2,"19":2,"20":0,"21":3},"f":{"0":2,"1":2},"b":{"0":[0,2],"1":[2,0],"2":[0],"3":[0],"4":[0,0],"5":[2]}}
,"/Users/nouryjanse/Code/recipes/server/controllers/recipes/index.ts": {"path":"/Users/nouryjanse/Code/recipes/server/controllers/recipes/index.ts","statementMap":{"0":{"start":{"line":1,"column":0},"end":{"line":1,"column":9}},"1":{"start":{"line":1,"column":9},"end":{"line":1,"column":35}},"2":{"start":{"line":2,"column":0},"end":{"line":2,"column":9}},"3":{"start":{"line":2,"column":9},"end":{"line":2,"column":35}},"4":{"start":{"line":3,"column":0},"end":{"line":3,"column":9}},"5":{"start":{"line":3,"column":9},"end":{"line":3,"column":35}},"6":{"start":{"line":4,"column":0},"end":{"line":4,"column":9}},"7":{"start":{"line":4,"column":9},"end":{"line":4,"column":33}},"8":{"start":{"line":5,"column":0},"end":{"line":5,"column":9}},"9":{"start":{"line":5,"column":9},"end":{"line":5,"column":32}}},"fnMap":{"0":{"name":"(anonymous_1)","decl":{"start":{"line":1,"column":9},"end":{"line":1,"column":16}},"loc":{"start":{"line":1,"column":9},"end":{"line":1,"column":35}}},"1":{"name":"(anonymous_2)","decl":{"start":{"line":2,"column":9},"end":{"line":2,"column":16}},"loc":{"start":{"line":2,"column":9},"end":{"line":2,"column":35}}},"2":{"name":"(anonymous_3)","decl":{"start":{"line":3,"column":9},"end":{"line":3,"column":16}},"loc":{"start":{"line":3,"column":9},"end":{"line":3,"column":35}}},"3":{"name":"(anonymous_4)","decl":{"start":{"line":4,"column":9},"end":{"line":4,"column":16}},"loc":{"start":{"line":4,"column":9},"end":{"line":4,"column":33}}},"4":{"name":"(anonymous_5)","decl":{"start":{"line":5,"column":9},"end":{"line":5,"column":16}},"loc":{"start":{"line":5,"column":9},"end":{"line":5,"column":32}}}},"branchMap":{},"s":{"0":3,"1":6,"2":3,"3":6,"4":3,"5":6,"6":3,"7":6,"8":3,"9":6},"f":{"0":3,"1":3,"2":3,"3":3,"4":3},"b":{}}
,"/Users/nouryjanse/Code/recipes/server/controllers/recipes/updateRecipe.ts": {"path":"/Users/nouryjanse/Code/recipes/server/controllers/recipes/updateRecipe.ts","statementMap":{"0":{"start":{"line":2,"column":0},"end":{"line":2,"column":44}},"1":{"start":{"line":3,"column":0},"end":{"line":3,"column":59}},"2":{"start":{"line":4,"column":0},"end":{"line":4,"column":50}},"3":{"start":{"line":5,"column":0},"end":{"line":5,"column":49}},"4":{"start":{"line":6,"column":0},"end":{"line":6,"column":62}},"5":{"start":{"line":7,"column":0},"end":{"line":7,"column":62}},"6":{"start":{"line":9,"column":24},"end":{"line":59,"column":null}},"7":{"start":{"line":12,"column":27},"end":{"line":59,"column":null}},"8":{"start":{"line":13,"column":2},"end":{"line":58,"column":null}},"9":{"start":{"line":15,"column":19},"end":{"line":21,"column":null}},"10":{"start":{"line":24,"column":4},"end":{"line":35,"column":null}},"11":{"start":{"line":25,"column":23},"end":{"line":27,"column":8}},"12":{"start":{"line":25,"column":63},"end":{"line":27,"column":8}},"13":{"start":{"line":26,"column":8},"end":{"line":26,"column":null}},"14":{"start":{"line":28,"column":6},"end":{"line":34,"column":null}},"15":{"start":{"line":30,"column":10},"end":{"line":30,"column":null}},"16":{"start":{"line":33,"column":10},"end":{"line":33,"column":null}},"17":{"start":{"line":37,"column":18},"end":{"line":37,"column":39}},"18":{"start":{"line":38,"column":4},"end":{"line":40,"column":null}},"19":{"start":{"line":39,"column":6},"end":{"line":39,"column":null}},"20":{"start":{"line":42,"column":4},"end":{"line":47,"column":null}},"21":{"start":{"line":43,"column":30},"end":{"line":43,"column":77}},"22":{"start":{"line":44,"column":6},"end":{"line":46,"column":null}},"23":{"start":{"line":45,"column":8},"end":{"line":45,"column":null}},"24":{"start":{"line":48,"column":4},"end":{"line":48,"column":null}},"25":{"start":{"line":49,"column":4},"end":{"line":49,"column":null}},"26":{"start":{"line":51,"column":4},"end":{"line":51,"column":null}},"27":{"start":{"line":52,"column":4},"end":{"line":54,"column":null}},"28":{"start":{"line":53,"column":6},"end":{"line":53,"column":null}},"29":{"start":{"line":55,"column":4},"end":{"line":57,"column":null}},"30":{"start":{"line":61,"column":0},"end":{"line":61,"column":null}}},"fnMap":{"0":{"name":"(anonymous_8)","decl":{"start":{"line":9,"column":24},"end":{"line":9,"column":null}},"loc":{"start":{"line":12,"column":27},"end":{"line":59,"column":null}}},"1":{"name":"(anonymous_9)","decl":{"start":{"line":12,"column":27},"end":{"line":12,"column":null}},"loc":{"start":{"line":12,"column":27},"end":{"line":59,"column":1}}},"2":{"name":"(anonymous_10)","decl":{"start":{"line":25,"column":47},"end":{"line":25,"column":54}},"loc":{"start":{"line":25,"column":63},"end":{"line":27,"column":8}}},"3":{"name":"(anonymous_11)","decl":{"start":{"line":25,"column":63},"end":{"line":25,"column":null}},"loc":{"start":{"line":25,"column":63},"end":{"line":27,"column":7}}},"4":{"name":"(anonymous_12)","decl":{"start":{"line":29,"column":14},"end":{"line":29,"column":15}},"loc":{"start":{"line":29,"column":27},"end":{"line":31,"column":9}}},"5":{"name":"(anonymous_13)","decl":{"start":{"line":32,"column":15},"end":{"line":32,"column":16}},"loc":{"start":{"line":32,"column":23},"end":{"line":34,"column":9}}}},"branchMap":{"0":{"loc":{"start":{"line":24,"column":4},"end":{"line":35,"column":null}},"type":"if","locations":[{"start":{"line":24,"column":4},"end":{"line":35,"column":null}}]},"1":{"loc":{"start":{"line":24,"column":8},"end":{"line":24,"column":57}},"type":"binary-expr","locations":[{"start":{"line":24,"column":8},"end":{"line":24,"column":27}},{"start":{"line":24,"column":31},"end":{"line":24,"column":57}}]},"2":{"loc":{"start":{"line":38,"column":4},"end":{"line":40,"column":null}},"type":"if","locations":[{"start":{"line":38,"column":4},"end":{"line":40,"column":null}}]},"3":{"loc":{"start":{"line":38,"column":8},"end":{"line":38,"column":37}},"type":"binary-expr","locations":[{"start":{"line":38,"column":8},"end":{"line":38,"column":13}},{"start":{"line":38,"column":17},"end":{"line":38,"column":37}}]},"4":{"loc":{"start":{"line":42,"column":4},"end":{"line":47,"column":null}},"type":"if","locations":[{"start":{"line":42,"column":4},"end":{"line":47,"column":null}}]},"5":{"loc":{"start":{"line":42,"column":8},"end":{"line":42,"column":27}},"type":"binary-expr","locations":[{"start":{"line":42,"column":8},"end":{"line":42,"column":14}},{"start":{"line":42,"column":18},"end":{"line":42,"column":27}}]},"6":{"loc":{"start":{"line":44,"column":6},"end":{"line":46,"column":null}},"type":"if","locations":[{"start":{"line":44,"column":6},"end":{"line":46,"column":null}}]},"7":{"loc":{"start":{"line":52,"column":4},"end":{"line":54,"column":null}},"type":"if","locations":[{"start":{"line":52,"column":4},"end":{"line":54,"column":null}}]}},"s":{"0":3,"1":3,"2":3,"3":3,"4":3,"5":3,"6":3,"7":0,"8":0,"9":0,"10":0,"11":0,"12":0,"13":0,"14":0,"15":0,"16":0,"17":0,"18":0,"19":0,"20":0,"21":0,"22":0,"23":0,"24":0,"25":0,"26":0,"27":0,"28":0,"29":0,"30":3},"f":{"0":0,"1":0,"2":0,"3":0,"4":0,"5":0},"b":{"0":[0],"1":[0,0],"2":[0],"3":[0,0],"4":[0],"5":[0,0],"6":[0],"7":[0]}}
,"/Users/nouryjanse/Code/recipes/server/helpers/formatRecipeImages.ts": {"path":"/Users/nouryjanse/Code/recipes/server/helpers/formatRecipeImages.ts","statementMap":{"0":{"start":{"line":3,"column":27},"end":{"line":15,"column":1}},"1":{"start":{"line":4,"column":2},"end":{"line":14,"column":null}},"2":{"start":{"line":6,"column":4},"end":{"line":12,"column":null}},"3":{"start":{"line":8,"column":21},"end":{"line":8,"column":67}},"4":{"start":{"line":10,"column":6},"end":{"line":10,"column":null}},"5":{"start":{"line":11,"column":6},"end":{"line":11,"column":null}},"6":{"start":{"line":13,"column":4},"end":{"line":13,"column":null}},"7":{"start":{"line":17,"column":0},"end":{"line":17,"column":null}}},"fnMap":{"0":{"name":"(anonymous_0)","decl":{"start":{"line":3,"column":27},"end":{"line":3,"column":28}},"loc":{"start":{"line":3,"column":59},"end":{"line":15,"column":1}}},"1":{"name":"(anonymous_1)","decl":{"start":{"line":4,"column":21},"end":{"line":4,"column":22}},"loc":{"start":{"line":4,"column":40},"end":{"line":14,"column":3}}}},"branchMap":{"0":{"loc":{"start":{"line":6,"column":4},"end":{"line":12,"column":null}},"type":"if","locations":[{"start":{"line":6,"column":4},"end":{"line":12,"column":null}}]},"1":{"loc":{"start":{"line":6,"column":8},"end":{"line":6,"column":43}},"type":"binary-expr","locations":[{"start":{"line":6,"column":8},"end":{"line":6,"column":20}},{"start":{"line":6,"column":24},"end":{"line":6,"column":43}}]}},"s":{"0":4,"1":1,"2":3,"3":3,"4":3,"5":3,"6":0,"7":4},"f":{"0":1,"1":3},"b":{"0":[3],"1":[3,3]}}
,"/Users/nouryjanse/Code/recipes/server/helpers/index.ts": {"path":"/Users/nouryjanse/Code/recipes/server/helpers/index.ts","statementMap":{"0":{"start":{"line":1,"column":0},"end":{"line":1,"column":9}},"1":{"start":{"line":1,"column":9},"end":{"line":1,"column":38}}},"fnMap":{"0":{"name":"(anonymous_1)","decl":{"start":{"line":1,"column":9},"end":{"line":1,"column":16}},"loc":{"start":{"line":1,"column":9},"end":{"line":1,"column":38}}}},"branchMap":{},"s":{"0":4,"1":5},"f":{"0":1},"b":{}}
,"/Users/nouryjanse/Code/recipes/server/models/images/createImage.ts": {"path":"/Users/nouryjanse/Code/recipes/server/models/images/createImage.ts","statementMap":{"0":{"start":{"line":1,"column":0},"end":{"line":1,"column":52}},"1":{"start":{"line":3,"column":19},"end":{"line":3,"column":43}},"2":{"start":{"line":5,"column":15},"end":{"line":5,"column":33}},"3":{"start":{"line":7,"column":0},"end":{"line":16,"column":null}},"4":{"start":{"line":8,"column":2},"end":{"line":13,"column":null}},"5":{"start":{"line":15,"column":2},"end":{"line":15,"column":null}},"6":{"start":{"line":18,"column":20},"end":{"line":59,"column":null}},"7":{"start":{"line":22,"column":28},"end":{"line":59,"column":null}},"8":{"start":{"line":23,"column":2},"end":{"line":58,"column":null}},"9":{"start":{"line":24,"column":18},"end":{"line":29,"column":null}},"10":{"start":{"line":28,"column":8},"end":{"line":28,"column":null}},"11":{"start":{"line":32,"column":27},"end":{"line":48,"column":6}},"12":{"start":{"line":50,"column":4},"end":{"line":50,"column":null}},"13":{"start":{"line":52,"column":4},"end":{"line":52,"column":null}},"14":{"start":{"line":53,"column":4},"end":{"line":53,"column":null}},"15":{"start":{"line":55,"column":5},"end":{"line":57,"column":null}},"16":{"start":{"line":55,"column":31},"end":{"line":57,"column":null}},"17":{"start":{"line":56,"column":6},"end":{"line":56,"column":null}},"18":{"start":{"line":61,"column":0},"end":{"line":61,"column":null}}},"fnMap":{"0":{"name":"(anonymous_7)","decl":{"start":{"line":18,"column":20},"end":{"line":18,"column":null}},"loc":{"start":{"line":22,"column":28},"end":{"line":59,"column":null}}},"1":{"name":"(anonymous_8)","decl":{"start":{"line":22,"column":28},"end":{"line":22,"column":null}},"loc":{"start":{"line":22,"column":28},"end":{"line":59,"column":1}}},"2":{"name":"(anonymous_9)","decl":{"start":{"line":27,"column":6},"end":{"line":27,"column":7}},"loc":{"start":{"line":27,"column":37},"end":{"line":29,"column":7}}},"3":{"name":"(anonymous_10)","decl":{"start":{"line":55,"column":5},"end":{"line":55,"column":29}},"loc":{"start":{"line":55,"column":31},"end":{"line":57,"column":null}}},"4":{"name":"(anonymous_11)","decl":{"start":{"line":55,"column":31},"end":{"line":55,"column":null}},"loc":{"start":{"line":55,"column":31},"end":{"line":57,"column":5}}}},"branchMap":{"0":{"loc":{"start":{"line":35,"column":12},"end":{"line":35,"column":58}},"type":"binary-expr","locations":[{"start":{"line":35,"column":12},"end":{"line":35,"column":26}},{"start":{"line":35,"column":30},"end":{"line":35,"column":58}}]},"1":{"loc":{"start":{"line":36,"column":12},"end":{"line":36,"column":43}},"type":"binary-expr","locations":[{"start":{"line":36,"column":12},"end":{"line":36,"column":21}},{"start":{"line":36,"column":25},"end":{"line":36,"column":43}}]},"2":{"loc":{"start":{"line":37,"column":12},"end":{"line":37,"column":49}},"type":"binary-expr","locations":[{"start":{"line":37,"column":12},"end":{"line":37,"column":23}},{"start":{"line":37,"column":27},"end":{"line":37,"column":49}}]},"3":{"loc":{"start":{"line":38,"column":12},"end":{"line":38,"column":52}},"type":"binary-expr","locations":[{"start":{"line":38,"column":12},"end":{"line":38,"column":24}},{"start":{"line":38,"column":28},"end":{"line":38,"column":52}}]},"4":{"loc":{"start":{"line":42,"column":12},"end":{"line":42,"column":49}},"type":"binary-expr","locations":[{"start":{"line":42,"column":12},"end":{"line":42,"column":23}},{"start":{"line":42,"column":27},"end":{"line":42,"column":49}}]},"5":{"loc":{"start":{"line":43,"column":12},"end":{"line":43,"column":52}},"type":"binary-expr","locations":[{"start":{"line":43,"column":12},"end":{"line":43,"column":24}},{"start":{"line":43,"column":28},"end":{"line":43,"column":52}}]}},"s":{"0":3,"1":3,"2":3,"3":3,"4":3,"5":0,"6":3,"7":0,"8":0,"9":0,"10":0,"11":0,"12":0,"13":0,"14":0,"15":0,"16":0,"17":0,"18":3},"f":{"0":0,"1":0,"2":0,"3":0,"4":0},"b":{"0":[0,0],"1":[0,0],"2":[0,0],"3":[0,0],"4":[0,0],"5":[0,0]}}
,"/Users/nouryjanse/Code/recipes/server/models/images/deleteImage.ts": {"path":"/Users/nouryjanse/Code/recipes/server/models/images/deleteImage.ts","statementMap":{"0":{"start":{"line":1,"column":0},"end":{"line":1,"column":52}},"1":{"start":{"line":3,"column":19},"end":{"line":3,"column":43}},"2":{"start":{"line":5,"column":15},"end":{"line":5,"column":33}},"3":{"start":{"line":7,"column":0},"end":{"line":16,"column":null}},"4":{"start":{"line":8,"column":2},"end":{"line":13,"column":null}},"5":{"start":{"line":15,"column":2},"end":{"line":15,"column":null}},"6":{"start":{"line":18,"column":20},"end":{"line":44,"column":null}},"7":{"start":{"line":21,"column":28},"end":{"line":44,"column":null}},"8":{"start":{"line":22,"column":2},"end":{"line":43,"column":null}},"9":{"start":{"line":23,"column":4},"end":{"line":29,"column":null}},"10":{"start":{"line":27,"column":8},"end":{"line":27,"column":null}},"11":{"start":{"line":31,"column":27},"end":{"line":33,"column":6}},"12":{"start":{"line":35,"column":4},"end":{"line":35,"column":null}},"13":{"start":{"line":37,"column":4},"end":{"line":37,"column":null}},"14":{"start":{"line":38,"column":4},"end":{"line":38,"column":null}},"15":{"start":{"line":40,"column":5},"end":{"line":42,"column":null}},"16":{"start":{"line":40,"column":31},"end":{"line":42,"column":null}},"17":{"start":{"line":41,"column":6},"end":{"line":41,"column":null}},"18":{"start":{"line":46,"column":0},"end":{"line":46,"column":null}}},"fnMap":{"0":{"name":"(anonymous_7)","decl":{"start":{"line":18,"column":20},"end":{"line":18,"column":null}},"loc":{"start":{"line":21,"column":28},"end":{"line":44,"column":null}}},"1":{"name":"(anonymous_8)","decl":{"start":{"line":21,"column":28},"end":{"line":21,"column":null}},"loc":{"start":{"line":21,"column":28},"end":{"line":44,"column":1}}},"2":{"name":"(anonymous_9)","decl":{"start":{"line":26,"column":6},"end":{"line":26,"column":7}},"loc":{"start":{"line":26,"column":37},"end":{"line":28,"column":7}}},"3":{"name":"(anonymous_10)","decl":{"start":{"line":40,"column":5},"end":{"line":40,"column":29}},"loc":{"start":{"line":40,"column":31},"end":{"line":42,"column":null}}},"4":{"name":"(anonymous_11)","decl":{"start":{"line":40,"column":31},"end":{"line":40,"column":null}},"loc":{"start":{"line":40,"column":31},"end":{"line":42,"column":5}}}},"branchMap":{},"s":{"0":3,"1":3,"2":3,"3":3,"4":3,"5":0,"6":3,"7":0,"8":0,"9":0,"10":0,"11":0,"12":0,"13":0,"14":0,"15":0,"16":0,"17":0,"18":3},"f":{"0":0,"1":0,"2":0,"3":0,"4":0},"b":{}}
,"/Users/nouryjanse/Code/recipes/server/models/images/index.ts": {"path":"/Users/nouryjanse/Code/recipes/server/models/images/index.ts","statementMap":{"0":{"start":{"line":1,"column":0},"end":{"line":1,"column":9}},"1":{"start":{"line":1,"column":9},"end":{"line":1,"column":31}},"2":{"start":{"line":2,"column":0},"end":{"line":2,"column":9}},"3":{"start":{"line":2,"column":9},"end":{"line":2,"column":31}},"4":{"start":{"line":3,"column":0},"end":{"line":3,"column":9}},"5":{"start":{"line":3,"column":9},"end":{"line":3,"column":31}}},"fnMap":{"0":{"name":"(anonymous_1)","decl":{"start":{"line":1,"column":9},"end":{"line":1,"column":16}},"loc":{"start":{"line":1,"column":9},"end":{"line":1,"column":31}}},"1":{"name":"(anonymous_2)","decl":{"start":{"line":2,"column":9},"end":{"line":2,"column":16}},"loc":{"start":{"line":2,"column":9},"end":{"line":2,"column":31}}},"2":{"name":"(anonymous_3)","decl":{"start":{"line":3,"column":9},"end":{"line":3,"column":16}},"loc":{"start":{"line":3,"column":9},"end":{"line":3,"column":31}}}},"branchMap":{},"s":{"0":3,"1":3,"2":3,"3":3,"4":3,"5":3},"f":{"0":0,"1":0,"2":0},"b":{}}
,"/Users/nouryjanse/Code/recipes/server/models/images/updateImage.ts": {"path":"/Users/nouryjanse/Code/recipes/server/models/images/updateImage.ts","statementMap":{"0":{"start":{"line":1,"column":0},"end":{"line":1,"column":52}},"1":{"start":{"line":4,"column":15},"end":{"line":4,"column":33}},"2":{"start":{"line":6,"column":20},"end":{"line":24,"column":null}},"3":{"start":{"line":6,"column":98},"end":{"line":24,"column":null}},"4":{"start":{"line":7,"column":2},"end":{"line":23,"column":null}},"5":{"start":{"line":8,"column":27},"end":{"line":13,"column":6}},"6":{"start":{"line":15,"column":4},"end":{"line":15,"column":null}},"7":{"start":{"line":17,"column":4},"end":{"line":17,"column":null}},"8":{"start":{"line":18,"column":4},"end":{"line":18,"column":null}},"9":{"start":{"line":20,"column":5},"end":{"line":22,"column":null}},"10":{"start":{"line":20,"column":31},"end":{"line":22,"column":null}},"11":{"start":{"line":21,"column":6},"end":{"line":21,"column":null}},"12":{"start":{"line":26,"column":0},"end":{"line":26,"column":null}}},"fnMap":{"0":{"name":"(anonymous_7)","decl":{"start":{"line":6,"column":20},"end":{"line":6,"column":27}},"loc":{"start":{"line":6,"column":98},"end":{"line":24,"column":null}}},"1":{"name":"(anonymous_8)","decl":{"start":{"line":6,"column":98},"end":{"line":6,"column":null}},"loc":{"start":{"line":6,"column":98},"end":{"line":24,"column":1}}},"2":{"name":"(anonymous_9)","decl":{"start":{"line":20,"column":5},"end":{"line":20,"column":29}},"loc":{"start":{"line":20,"column":31},"end":{"line":22,"column":null}}},"3":{"name":"(anonymous_10)","decl":{"start":{"line":20,"column":31},"end":{"line":20,"column":null}},"loc":{"start":{"line":20,"column":31},"end":{"line":22,"column":5}}}},"branchMap":{"0":{"loc":{"start":{"line":11,"column":12},"end":{"line":11,"column":58}},"type":"binary-expr","locations":[{"start":{"line":11,"column":12},"end":{"line":11,"column":26}},{"start":{"line":11,"column":30},"end":{"line":11,"column":58}}]}},"s":{"0":3,"1":3,"2":3,"3":0,"4":0,"5":0,"6":0,"7":0,"8":0,"9":0,"10":0,"11":0,"12":3},"f":{"0":0,"1":0,"2":0,"3":0},"b":{"0":[0,0]}}
,"/Users/nouryjanse/Code/recipes/server/models/recipes/createRecipe.ts": {"path":"/Users/nouryjanse/Code/recipes/server/models/recipes/createRecipe.ts","statementMap":{"0":{"start":{"line":1,"column":0},"end":{"line":1,"column":53}},"1":{"start":{"line":2,"column":0},"end":{"line":2,"column":70}},"2":{"start":{"line":4,"column":0},"end":{"line":4,"column":60}},"3":{"start":{"line":6,"column":15},"end":{"line":6,"column":33}},"4":{"start":{"line":8,"column":21},"end":{"line":36,"column":null}},"5":{"start":{"line":14,"column":29},"end":{"line":36,"column":null}},"6":{"start":{"line":15,"column":2},"end":{"line":35,"column":null}},"7":{"start":{"line":16,"column":19},"end":{"line":22,"column":6}},"8":{"start":{"line":24,"column":4},"end":{"line":24,"column":null}},"9":{"start":{"line":26,"column":4},"end":{"line":26,"column":null}},"10":{"start":{"line":27,"column":4},"end":{"line":29,"column":null}},"11":{"start":{"line":28,"column":6},"end":{"line":28,"column":null}},"12":{"start":{"line":30,"column":4},"end":{"line":30,"column":null}},"13":{"start":{"line":32,"column":5},"end":{"line":34,"column":null}},"14":{"start":{"line":32,"column":31},"end":{"line":34,"column":null}},"15":{"start":{"line":33,"column":6},"end":{"line":33,"column":null}},"16":{"start":{"line":38,"column":0},"end":{"line":38,"column":null}}},"fnMap":{"0":{"name":"(anonymous_7)","decl":{"start":{"line":8,"column":21},"end":{"line":8,"column":null}},"loc":{"start":{"line":14,"column":29},"end":{"line":36,"column":null}}},"1":{"name":"(anonymous_8)","decl":{"start":{"line":14,"column":29},"end":{"line":14,"column":null}},"loc":{"start":{"line":14,"column":29},"end":{"line":36,"column":1}}},"2":{"name":"(anonymous_9)","decl":{"start":{"line":32,"column":5},"end":{"line":32,"column":29}},"loc":{"start":{"line":32,"column":31},"end":{"line":34,"column":null}}},"3":{"name":"(anonymous_10)","decl":{"start":{"line":32,"column":31},"end":{"line":32,"column":null}},"loc":{"start":{"line":32,"column":31},"end":{"line":34,"column":5}}}},"branchMap":{"0":{"loc":{"start":{"line":27,"column":4},"end":{"line":29,"column":null}},"type":"if","locations":[{"start":{"line":27,"column":4},"end":{"line":29,"column":null}}]},"1":{"loc":{"start":{"line":27,"column":8},"end":{"line":27,"column":80}},"type":"binary-expr","locations":[{"start":{"line":27,"column":8},"end":{"line":27,"column":54}},{"start":{"line":27,"column":58},"end":{"line":27,"column":80}}]}},"s":{"0":3,"1":3,"2":3,"3":3,"4":3,"5":3,"6":3,"7":3,"8":2,"9":1,"10":1,"11":1,"12":0,"13":3,"14":0,"15":0,"16":3},"f":{"0":3,"1":3,"2":0,"3":0},"b":{"0":[1],"1":[1,1]}}
,"/Users/nouryjanse/Code/recipes/server/models/recipes/deleteRecipe.ts": {"path":"/Users/nouryjanse/Code/recipes/server/models/recipes/deleteRecipe.ts","statementMap":{"0":{"start":{"line":1,"column":0},"end":{"line":1,"column":60}},"1":{"start":{"line":4,"column":15},"end":{"line":4,"column":33}},"2":{"start":{"line":6,"column":21},"end":{"line":25,"column":null}},"3":{"start":{"line":6,"column":91},"end":{"line":25,"column":null}},"4":{"start":{"line":7,"column":2},"end":{"line":7,"column":null}},"5":{"start":{"line":7,"column":11},"end":{"line":7,"column":null}},"6":{"start":{"line":9,"column":2},"end":{"line":24,"column":null}},"7":{"start":{"line":10,"column":4},"end":{"line":14,"column":null}},"8":{"start":{"line":16,"column":4},"end":{"line":16,"column":null}},"9":{"start":{"line":18,"column":4},"end":{"line":18,"column":null}},"10":{"start":{"line":19,"column":4},"end":{"line":19,"column":null}},"11":{"start":{"line":21,"column":5},"end":{"line":23,"column":null}},"12":{"start":{"line":21,"column":31},"end":{"line":23,"column":null}},"13":{"start":{"line":22,"column":6},"end":{"line":22,"column":null}},"14":{"start":{"line":27,"column":0},"end":{"line":27,"column":null}}},"fnMap":{"0":{"name":"(anonymous_7)","decl":{"start":{"line":6,"column":21},"end":{"line":6,"column":28}},"loc":{"start":{"line":6,"column":91},"end":{"line":25,"column":null}}},"1":{"name":"(anonymous_8)","decl":{"start":{"line":6,"column":91},"end":{"line":6,"column":null}},"loc":{"start":{"line":6,"column":91},"end":{"line":25,"column":1}}},"2":{"name":"(anonymous_9)","decl":{"start":{"line":21,"column":5},"end":{"line":21,"column":29}},"loc":{"start":{"line":21,"column":31},"end":{"line":23,"column":null}}},"3":{"name":"(anonymous_10)","decl":{"start":{"line":21,"column":31},"end":{"line":21,"column":null}},"loc":{"start":{"line":21,"column":31},"end":{"line":23,"column":5}}}},"branchMap":{"0":{"loc":{"start":{"line":7,"column":2},"end":{"line":7,"column":null}},"type":"if","locations":[{"start":{"line":7,"column":2},"end":{"line":7,"column":null}}]}},"s":{"0":3,"1":3,"2":3,"3":0,"4":0,"5":0,"6":0,"7":0,"8":0,"9":0,"10":0,"11":0,"12":0,"13":0,"14":3},"f":{"0":0,"1":0,"2":0,"3":0},"b":{"0":[0]}}
,"/Users/nouryjanse/Code/recipes/server/models/recipes/getRecipe.ts": {"path":"/Users/nouryjanse/Code/recipes/server/models/recipes/getRecipe.ts","statementMap":{"0":{"start":{"line":1,"column":0},"end":{"line":1,"column":53}},"1":{"start":{"line":3,"column":0},"end":{"line":3,"column":75}},"2":{"start":{"line":5,"column":15},"end":{"line":5,"column":33}},"3":{"start":{"line":7,"column":18},"end":{"line":35,"column":null}},"4":{"start":{"line":7,"column":93},"end":{"line":35,"column":null}},"5":{"start":{"line":8,"column":2},"end":{"line":34,"column":null}},"6":{"start":{"line":9,"column":19},"end":{"line":20,"column":6}},"7":{"start":{"line":22,"column":4},"end":{"line":22,"column":null}},"8":{"start":{"line":22,"column":25},"end":{"line":22,"column":null}},"9":{"start":{"line":23,"column":4},"end":{"line":23,"column":null}},"10":{"start":{"line":25,"column":4},"end":{"line":25,"column":null}},"11":{"start":{"line":26,"column":4},"end":{"line":28,"column":null}},"12":{"start":{"line":27,"column":6},"end":{"line":27,"column":null}},"13":{"start":{"line":29,"column":4},"end":{"line":29,"column":null}},"14":{"start":{"line":31,"column":5},"end":{"line":33,"column":null}},"15":{"start":{"line":31,"column":31},"end":{"line":33,"column":null}},"16":{"start":{"line":32,"column":6},"end":{"line":32,"column":null}},"17":{"start":{"line":37,"column":0},"end":{"line":37,"column":null}}},"fnMap":{"0":{"name":"(anonymous_7)","decl":{"start":{"line":7,"column":18},"end":{"line":7,"column":25}},"loc":{"start":{"line":7,"column":93},"end":{"line":35,"column":null}}},"1":{"name":"(anonymous_8)","decl":{"start":{"line":7,"column":93},"end":{"line":7,"column":null}},"loc":{"start":{"line":7,"column":93},"end":{"line":35,"column":1}}},"2":{"name":"(anonymous_9)","decl":{"start":{"line":31,"column":5},"end":{"line":31,"column":29}},"loc":{"start":{"line":31,"column":31},"end":{"line":33,"column":null}}},"3":{"name":"(anonymous_10)","decl":{"start":{"line":31,"column":31},"end":{"line":31,"column":null}},"loc":{"start":{"line":31,"column":31},"end":{"line":33,"column":5}}}},"branchMap":{"0":{"loc":{"start":{"line":22,"column":4},"end":{"line":22,"column":null}},"type":"if","locations":[{"start":{"line":22,"column":4},"end":{"line":22,"column":null}}]},"1":{"loc":{"start":{"line":26,"column":4},"end":{"line":28,"column":null}},"type":"if","locations":[{"start":{"line":26,"column":4},"end":{"line":28,"column":null}}]}},"s":{"0":3,"1":3,"2":3,"3":3,"4":0,"5":0,"6":0,"7":0,"8":0,"9":0,"10":0,"11":0,"12":0,"13":0,"14":0,"15":0,"16":0,"17":3},"f":{"0":0,"1":0,"2":0,"3":0},"b":{"0":[0],"1":[0]}}
,"/Users/nouryjanse/Code/recipes/server/models/recipes/getRecipes.ts": {"path":"/Users/nouryjanse/Code/recipes/server/models/recipes/getRecipes.ts","statementMap":{"0":{"start":{"line":1,"column":0},"end":{"line":1,"column":60}},"1":{"start":{"line":3,"column":0},"end":{"line":3,"column":50}},"2":{"start":{"line":4,"column":0},"end":{"line":4,"column":50}},"3":{"start":{"line":6,"column":15},"end":{"line":6,"column":33}},"4":{"start":{"line":8,"column":19},"end":{"line":38,"column":null}},"5":{"start":{"line":8,"column":86},"end":{"line":38,"column":null}},"6":{"start":{"line":9,"column":2},"end":{"line":37,"column":null}},"7":{"start":{"line":10,"column":18},"end":{"line":21,"column":6}},"8":{"start":{"line":23,"column":4},"end":{"line":23,"column":null}},"9":{"start":{"line":24,"column":4},"end":{"line":24,"column":null}},"10":{"start":{"line":24,"column":25},"end":{"line":24,"column":null}},"11":{"start":{"line":26,"column":4},"end":{"line":26,"column":null}},"12":{"start":{"line":28,"column":4},"end":{"line":28,"column":null}},"13":{"start":{"line":29,"column":4},"end":{"line":31,"column":null}},"14":{"start":{"line":30,"column":6},"end":{"line":30,"column":null}},"15":{"start":{"line":32,"column":4},"end":{"line":32,"column":null}},"16":{"start":{"line":34,"column":5},"end":{"line":36,"column":null}},"17":{"start":{"line":34,"column":31},"end":{"line":36,"column":null}},"18":{"start":{"line":35,"column":6},"end":{"line":35,"column":null}},"19":{"start":{"line":40,"column":0},"end":{"line":40,"column":null}}},"fnMap":{"0":{"name":"(anonymous_7)","decl":{"start":{"line":8,"column":19},"end":{"line":8,"column":26}},"loc":{"start":{"line":8,"column":86},"end":{"line":38,"column":null}}},"1":{"name":"(anonymous_8)","decl":{"start":{"line":8,"column":86},"end":{"line":8,"column":null}},"loc":{"start":{"line":8,"column":86},"end":{"line":38,"column":1}}},"2":{"name":"(anonymous_9)","decl":{"start":{"line":34,"column":5},"end":{"line":34,"column":29}},"loc":{"start":{"line":34,"column":31},"end":{"line":36,"column":null}}},"3":{"name":"(anonymous_10)","decl":{"start":{"line":34,"column":31},"end":{"line":34,"column":null}},"loc":{"start":{"line":34,"column":31},"end":{"line":36,"column":5}}}},"branchMap":{"0":{"loc":{"start":{"line":24,"column":4},"end":{"line":24,"column":null}},"type":"if","locations":[{"start":{"line":24,"column":4},"end":{"line":24,"column":null}}]},"1":{"loc":{"start":{"line":29,"column":4},"end":{"line":31,"column":null}},"type":"if","locations":[{"start":{"line":29,"column":4},"end":{"line":31,"column":null}}]}},"s":{"0":3,"1":3,"2":3,"3":3,"4":3,"5":4,"6":4,"7":4,"8":4,"9":4,"10":4,"11":0,"12":4,"13":4,"14":4,"15":0,"16":4,"17":0,"18":0,"19":3},"f":{"0":4,"1":4,"2":0,"3":0},"b":{"0":[4],"1":[4]}}
,"/Users/nouryjanse/Code/recipes/server/models/recipes/index.ts": {"path":"/Users/nouryjanse/Code/recipes/server/models/recipes/index.ts","statementMap":{"0":{"start":{"line":1,"column":0},"end":{"line":1,"column":9}},"1":{"start":{"line":1,"column":9},"end":{"line":1,"column":32}},"2":{"start":{"line":2,"column":0},"end":{"line":2,"column":9}},"3":{"start":{"line":2,"column":9},"end":{"line":2,"column":32}},"4":{"start":{"line":3,"column":0},"end":{"line":3,"column":9}},"5":{"start":{"line":3,"column":9},"end":{"line":3,"column":29}},"6":{"start":{"line":4,"column":0},"end":{"line":4,"column":9}},"7":{"start":{"line":4,"column":9},"end":{"line":4,"column":30}},"8":{"start":{"line":5,"column":0},"end":{"line":5,"column":9}},"9":{"start":{"line":5,"column":9},"end":{"line":5,"column":32}}},"fnMap":{"0":{"name":"(anonymous_1)","decl":{"start":{"line":1,"column":9},"end":{"line":1,"column":16}},"loc":{"start":{"line":1,"column":9},"end":{"line":1,"column":32}}},"1":{"name":"(anonymous_2)","decl":{"start":{"line":2,"column":9},"end":{"line":2,"column":16}},"loc":{"start":{"line":2,"column":9},"end":{"line":2,"column":32}}},"2":{"name":"(anonymous_3)","decl":{"start":{"line":3,"column":9},"end":{"line":3,"column":16}},"loc":{"start":{"line":3,"column":9},"end":{"line":3,"column":29}}},"3":{"name":"(anonymous_4)","decl":{"start":{"line":4,"column":9},"end":{"line":4,"column":16}},"loc":{"start":{"line":4,"column":9},"end":{"line":4,"column":30}}},"4":{"name":"(anonymous_5)","decl":{"start":{"line":5,"column":9},"end":{"line":5,"column":16}},"loc":{"start":{"line":5,"column":9},"end":{"line":5,"column":32}}}},"branchMap":{},"s":{"0":3,"1":6,"2":3,"3":3,"4":3,"5":3,"6":3,"7":7,"8":3,"9":3},"f":{"0":3,"1":0,"2":0,"3":4,"4":0},"b":{}}
,"/Users/nouryjanse/Code/recipes/server/models/recipes/updateRecipe.ts": {"path":"/Users/nouryjanse/Code/recipes/server/models/recipes/updateRecipe.ts","statementMap":{"0":{"start":{"line":1,"column":0},"end":{"line":1,"column":60}},"1":{"start":{"line":2,"column":0},"end":{"line":2,"column":70}},"2":{"start":{"line":4,"column":0},"end":{"line":4,"column":62}},"3":{"start":{"line":6,"column":15},"end":{"line":6,"column":33}},"4":{"start":{"line":8,"column":21},"end":{"line":40,"column":null}},"5":{"start":{"line":15,"column":29},"end":{"line":40,"column":null}},"6":{"start":{"line":16,"column":2},"end":{"line":39,"column":null}},"7":{"start":{"line":17,"column":19},"end":{"line":26,"column":6}},"8":{"start":{"line":28,"column":4},"end":{"line":28,"column":null}},"9":{"start":{"line":30,"column":4},"end":{"line":30,"column":null}},"10":{"start":{"line":31,"column":4},"end":{"line":33,"column":null}},"11":{"start":{"line":32,"column":6},"end":{"line":32,"column":null}},"12":{"start":{"line":34,"column":4},"end":{"line":34,"column":null}},"13":{"start":{"line":36,"column":5},"end":{"line":38,"column":null}},"14":{"start":{"line":36,"column":31},"end":{"line":38,"column":null}},"15":{"start":{"line":37,"column":6},"end":{"line":37,"column":null}},"16":{"start":{"line":42,"column":0},"end":{"line":42,"column":null}}},"fnMap":{"0":{"name":"(anonymous_7)","decl":{"start":{"line":8,"column":21},"end":{"line":8,"column":null}},"loc":{"start":{"line":15,"column":29},"end":{"line":40,"column":null}}},"1":{"name":"(anonymous_8)","decl":{"start":{"line":15,"column":29},"end":{"line":15,"column":null}},"loc":{"start":{"line":15,"column":29},"end":{"line":40,"column":1}}},"2":{"name":"(anonymous_9)","decl":{"start":{"line":36,"column":5},"end":{"line":36,"column":29}},"loc":{"start":{"line":36,"column":31},"end":{"line":38,"column":null}}},"3":{"name":"(anonymous_10)","decl":{"start":{"line":36,"column":31},"end":{"line":36,"column":null}},"loc":{"start":{"line":36,"column":31},"end":{"line":38,"column":5}}}},"branchMap":{"0":{"loc":{"start":{"line":31,"column":4},"end":{"line":33,"column":null}},"type":"if","locations":[{"start":{"line":31,"column":4},"end":{"line":33,"column":null}}]},"1":{"loc":{"start":{"line":31,"column":8},"end":{"line":31,"column":80}},"type":"binary-expr","locations":[{"start":{"line":31,"column":8},"end":{"line":31,"column":54}},{"start":{"line":31,"column":58},"end":{"line":31,"column":80}}]}},"s":{"0":3,"1":3,"2":3,"3":3,"4":3,"5":0,"6":0,"7":0,"8":0,"9":0,"10":0,"11":0,"12":0,"13":0,"14":0,"15":0,"16":3},"f":{"0":0,"1":0,"2":0,"3":0},"b":{"0":[0],"1":[0,0]}}
,"/Users/nouryjanse/Code/recipes/server/plugins/support.ts": {"path":"/Users/nouryjanse/Code/recipes/server/plugins/support.ts","statementMap":{"0":{"start":{"line":1,"column":0},"end":{"line":1,"column":31}},"1":{"start":{"line":3,"column":0},"end":{"line":3,"column":34}},"2":{"start":{"line":5,"column":18},"end":{"line":5,"column":20}},"3":{"start":{"line":6,"column":14},"end":{"line":6,"column":50}},"4":{"start":{"line":16,"column":0},"end":{"line":39,"column":null}},"5":{"start":{"line":22,"column":4},"end":{"line":36,"column":null}},"6":{"start":{"line":30,"column":8},"end":{"line":34,"column":null}},"7":{"start":{"line":31,"column":10},"end":{"line":31,"column":null}},"8":{"start":{"line":33,"column":10},"end":{"line":33,"column":null}},"9":{"start":{"line":37,"column":4},"end":{"line":37,"column":null}}},"fnMap":{"0":{"name":"(anonymous_1)","decl":{"start":{"line":17,"column":2},"end":{"line":17,"column":null}},"loc":{"start":{"line":21,"column":12},"end":{"line":38,"column":3}}},"1":{"name":"(anonymous_2)","decl":{"start":{"line":24,"column":6},"end":{"line":24,"column":null}},"loc":{"start":{"line":28,"column":10},"end":{"line":35,"column":7}}}},"branchMap":{"0":{"loc":{"start":{"line":30,"column":8},"end":{"line":34,"column":null}},"type":"if","locations":[{"start":{"line":30,"column":8},"end":{"line":34,"column":null}},{"start":{"line":32,"column":15},"end":{"line":34,"column":null}}]}},"s":{"0":3,"1":3,"2":3,"3":3,"4":3,"5":3,"6":2,"7":0,"8":2,"9":3},"f":{"0":3,"1":2},"b":{"0":[0,2]}}
,"/Users/nouryjanse/Code/recipes/server/routes/root.ts": {"path":"/Users/nouryjanse/Code/recipes/server/routes/root.ts","statementMap":{"0":{"start":{"line":1,"column":0},"end":{"line":1,"column":31}},"1":{"start":{"line":4,"column":0},"end":{"line":33,"column":null}},"2":{"start":{"line":10,"column":4},"end":{"line":30,"column":null}},"3":{"start":{"line":27,"column":17},"end":{"line":29,"column":null}},"4":{"start":{"line":28,"column":8},"end":{"line":28,"column":null}},"5":{"start":{"line":31,"column":4},"end":{"line":31,"column":null}}},"fnMap":{"0":{"name":"(anonymous_8)","decl":{"start":{"line":5,"column":2},"end":{"line":5,"column":null}},"loc":{"start":{"line":9,"column":12},"end":{"line":32,"column":3}}},"1":{"name":"(anonymous_9)","decl":{"start":{"line":27,"column":6},"end":{"line":27,"column":15}},"loc":{"start":{"line":27,"column":17},"end":{"line":29,"column":null}}},"2":{"name":"(anonymous_10)","decl":{"start":{"line":27,"column":17},"end":{"line":27,"column":null}},"loc":{"start":{"line":27,"column":17},"end":{"line":29,"column":7}}}},"branchMap":{},"s":{"0":3,"1":3,"2":3,"3":1,"4":1,"5":3},"f":{"0":3,"1":1,"2":1},"b":{}}
,"/Users/nouryjanse/Code/recipes/server/routes/ingredients/index.ts": {"path":"/Users/nouryjanse/Code/recipes/server/routes/ingredients/index.ts","statementMap":{"0":{"start":{"line":2,"column":0},"end":{"line":2,"column":31}},"1":{"start":{"line":4,"column":0},"end":{"line":18,"column":null}},"2":{"start":{"line":11,"column":4},"end":{"line":14,"column":null}},"3":{"start":{"line":16,"column":4},"end":{"line":16,"column":null}}},"fnMap":{"0":{"name":"(anonymous_1)","decl":{"start":{"line":5,"column":2},"end":{"line":5,"column":null}},"loc":{"start":{"line":9,"column":12},"end":{"line":17,"column":3}}},"1":{"name":"(anonymous_2)","decl":{"start":{"line":12,"column":15},"end":{"line":12,"column":24}},"loc":{"start":{"line":12,"column":26},"end":{"line":12,"column":29}}}},"branchMap":{},"s":{"0":3,"1":3,"2":3,"3":3},"f":{"0":3,"1":0},"b":{}}
,"/Users/nouryjanse/Code/recipes/server/routes/recipes/controllers.ts": {"path":"/Users/nouryjanse/Code/recipes/server/routes/recipes/controllers.ts","statementMap":{"0":{"start":{"line":3,"column":0},"end":{"line":3,"column":44}},"1":{"start":{"line":4,"column":0},"end":{"line":4,"column":62}},"2":{"start":{"line":6,"column":29},"end":{"line":20,"column":null}},"3":{"start":{"line":9,"column":27},"end":{"line":20,"column":null}},"4":{"start":{"line":10,"column":19},"end":{"line":10,"column":37}},"5":{"start":{"line":11,"column":2},"end":{"line":16,"column":null}},"6":{"start":{"line":12,"column":33},"end":{"line":12,"column":98}},"7":{"start":{"line":13,"column":4},"end":{"line":15,"column":null}},"8":{"start":{"line":14,"column":6},"end":{"line":14,"column":null}},"9":{"start":{"line":18,"column":2},"end":{"line":18,"column":null}},"10":{"start":{"line":19,"column":2},"end":{"line":19,"column":null}},"11":{"start":{"line":22,"column":29},"end":{"line":41,"column":null}},"12":{"start":{"line":25,"column":27},"end":{"line":41,"column":null}},"13":{"start":{"line":26,"column":2},"end":{"line":40,"column":null}},"14":{"start":{"line":28,"column":18},"end":{"line":28,"column":39}},"15":{"start":{"line":29,"column":4},"end":{"line":31,"column":null}},"16":{"start":{"line":30,"column":6},"end":{"line":30,"column":null}},"17":{"start":{"line":33,"column":35},"end":{"line":33,"column":47}},"18":{"start":{"line":34,"column":4},"end":{"line":34,"column":null}},"19":{"start":{"line":36,"column":4},"end":{"line":36,"column":null}},"20":{"start":{"line":38,"column":4},"end":{"line":38,"column":null}},"21":{"start":{"line":39,"column":4},"end":{"line":39,"column":null}},"22":{"start":{"line":43,"column":0},"end":{"line":46,"column":null}}},"fnMap":{"0":{"name":"(anonymous_7)","decl":{"start":{"line":6,"column":29},"end":{"line":6,"column":null}},"loc":{"start":{"line":9,"column":27},"end":{"line":20,"column":null}}},"1":{"name":"(anonymous_8)","decl":{"start":{"line":9,"column":27},"end":{"line":9,"column":null}},"loc":{"start":{"line":9,"column":27},"end":{"line":20,"column":1}}},"2":{"name":"(anonymous_9)","decl":{"start":{"line":22,"column":29},"end":{"line":22,"column":null}},"loc":{"start":{"line":25,"column":27},"end":{"line":41,"column":null}}},"3":{"name":"(anonymous_10)","decl":{"start":{"line":25,"column":27},"end":{"line":25,"column":null}},"loc":{"start":{"line":25,"column":27},"end":{"line":41,"column":1}}}},"branchMap":{"0":{"loc":{"start":{"line":11,"column":2},"end":{"line":16,"column":null}},"type":"if","locations":[{"start":{"line":11,"column":2},"end":{"line":16,"column":null}}]},"1":{"loc":{"start":{"line":13,"column":4},"end":{"line":15,"column":null}},"type":"if","locations":[{"start":{"line":13,"column":4},"end":{"line":15,"column":null}}]},"2":{"loc":{"start":{"line":29,"column":4},"end":{"line":31,"column":null}},"type":"if","locations":[{"start":{"line":29,"column":4},"end":{"line":31,"column":null}}]}},"s":{"0":3,"1":3,"2":3,"3":0,"4":0,"5":0,"6":0,"7":0,"8":0,"9":0,"10":0,"11":3,"12":0,"13":0,"14":0,"15":0,"16":0,"17":0,"18":0,"19":0,"20":0,"21":0,"22":3},"f":{"0":0,"1":0,"2":0,"3":0},"b":{"0":[0],"1":[0],"2":[0]}}
,"/Users/nouryjanse/Code/recipes/server/routes/recipes/index.ts": {"path":"/Users/nouryjanse/Code/recipes/server/routes/recipes/index.ts","statementMap":{"0":{"start":{"line":2,"column":0},"end":{"line":2,"column":31}},"1":{"start":{"line":3,"column":0},"end":{"line":3,"column":null}},"2":{"start":{"line":11,"column":0},"end":{"line":11,"column":31}},"3":{"start":{"line":13,"column":0},"end":{"line":59,"column":null}},"4":{"start":{"line":20,"column":4},"end":{"line":23,"column":null}},"5":{"start":{"line":26,"column":4},"end":{"line":26,"column":null}},"6":{"start":{"line":29,"column":4},"end":{"line":31,"column":null}},"7":{"start":{"line":34,"column":4},"end":{"line":37,"column":null}},"8":{"start":{"line":40,"column":4},"end":{"line":43,"column":null}},"9":{"start":{"line":46,"column":4},"end":{"line":49,"column":null}},"10":{"start":{"line":52,"column":4},"end":{"line":55,"column":null}},"11":{"start":{"line":57,"column":4},"end":{"line":57,"column":null}}},"fnMap":{"0":{"name":"(anonymous_1)","decl":{"start":{"line":14,"column":2},"end":{"line":14,"column":null}},"loc":{"start":{"line":18,"column":12},"end":{"line":58,"column":3}}}},"branchMap":{},"s":{"0":3,"1":3,"2":3,"3":3,"4":3,"5":3,"6":3,"7":3,"8":3,"9":3,"10":3,"11":3},"f":{"0":3},"b":{}}
,"/Users/nouryjanse/Code/recipes/server/routes/users/index.ts": {"path":"/Users/nouryjanse/Code/recipes/server/routes/users/index.ts","statementMap":{"0":{"start":{"line":8,"column":0},"end":{"line":8,"column":31}},"1":{"start":{"line":13,"column":0},"end":{"line":43,"column":null}},"2":{"start":{"line":19,"column":4},"end":{"line":28,"column":null}},"3":{"start":{"line":20,"column":94},"end":{"line":26,"column":null}},"4":{"start":{"line":25,"column":8},"end":{"line":25,"column":null}},"5":{"start":{"line":30,"column":4},"end":{"line":39,"column":null}},"6":{"start":{"line":31,"column":94},"end":{"line":37,"column":null}},"7":{"start":{"line":36,"column":8},"end":{"line":36,"column":null}},"8":{"start":{"line":41,"column":4},"end":{"line":41,"column":null}}},"fnMap":{"0":{"name":"(anonymous_8)","decl":{"start":{"line":14,"column":2},"end":{"line":14,"column":null}},"loc":{"start":{"line":18,"column":12},"end":{"line":42,"column":3}}},"1":{"name":"(anonymous_9)","decl":{"start":{"line":20,"column":15},"end":{"line":20,"column":22}},"loc":{"start":{"line":20,"column":94},"end":{"line":26,"column":null}}},"2":{"name":"(anonymous_10)","decl":{"start":{"line":20,"column":94},"end":{"line":20,"column":null}},"loc":{"start":{"line":20,"column":94},"end":{"line":26,"column":7}}},"3":{"name":"(anonymous_11)","decl":{"start":{"line":31,"column":15},"end":{"line":31,"column":22}},"loc":{"start":{"line":31,"column":94},"end":{"line":37,"column":null}}},"4":{"name":"(anonymous_12)","decl":{"start":{"line":31,"column":94},"end":{"line":31,"column":null}},"loc":{"start":{"line":31,"column":94},"end":{"line":37,"column":7}}}},"branchMap":{},"s":{"0":3,"1":3,"2":3,"3":0,"4":0,"5":3,"6":0,"7":0,"8":3},"f":{"0":3,"1":0,"2":0,"3":0,"4":0},"b":{}}
,"/Users/nouryjanse/Code/recipes/server/test/setupTestApplication.ts": {"path":"/Users/nouryjanse/Code/recipes/server/test/setupTestApplication.ts","statementMap":{"0":{"start":{"line":2,"column":0},"end":{"line":2,"column":50}},"1":{"start":{"line":3,"column":0},"end":{"line":3,"column":31}},"2":{"start":{"line":4,"column":0},"end":{"line":4,"column":24}},"3":{"start":{"line":6,"column":15},"end":{"line":6,"column":70}},"4":{"start":{"line":11,"column":2},"end":{"line":13,"column":null}},"5":{"start":{"line":34,"column":9},"end":{"line":34,"column":15}},"6":{"start":{"line":18,"column":14},"end":{"line":18,"column":23}},"7":{"start":{"line":24,"column":2},"end":{"line":27,"column":null}},"8":{"start":{"line":24,"column":23},"end":{"line":27,"column":4}},"9":{"start":{"line":25,"column":4},"end":{"line":25,"column":null}},"10":{"start":{"line":26,"column":4},"end":{"line":26,"column":null}},"11":{"start":{"line":29,"column":2},"end":{"line":29,"column":null}},"12":{"start":{"line":29,"column":17},"end":{"line":29,"column":28}},"13":{"start":{"line":31,"column":2},"end":{"line":31,"column":null}},"14":{"start":{"line":34,"column":17},"end":{"line":34,"column":22}}},"fnMap":{"0":{"name":"config","decl":{"start":{"line":10,"column":15},"end":{"line":10,"column":21}},"loc":{"start":{"line":10,"column":21},"end":{"line":14,"column":null}}},"1":{"name":"build","decl":{"start":{"line":17,"column":9},"end":{"line":17,"column":14}},"loc":{"start":{"line":17,"column":14},"end":{"line":32,"column":1}}},"2":{"name":"(anonymous_11)","decl":{"start":{"line":24,"column":12},"end":{"line":24,"column":21}},"loc":{"start":{"line":24,"column":23},"end":{"line":27,"column":4}}},"3":{"name":"(anonymous_12)","decl":{"start":{"line":24,"column":23},"end":{"line":24,"column":null}},"loc":{"start":{"line":24,"column":23},"end":{"line":27,"column":3}}},"4":{"name":"(anonymous_13)","decl":{"start":{"line":29,"column":11},"end":{"line":29,"column":14}},"loc":{"start":{"line":29,"column":17},"end":{"line":29,"column":28}}}},"branchMap":{"0":{"loc":{"start":{"line":6,"column":15},"end":{"line":6,"column":70}},"type":"cond-expr","locations":[{"start":{"line":6,"column":42},"end":{"line":6,"column":65}},{"start":{"line":6,"column":68},"end":{"line":6,"column":70}}]}},"s":{"0":3,"1":3,"2":3,"3":3,"4":3,"5":3,"6":3,"7":3,"8":3,"9":3,"10":3,"11":3,"12":3,"13":3,"14":3},"f":{"0":3,"1":3,"2":3,"3":3,"4":3},"b":{"0":[3,0]}}
,"/Users/nouryjanse/Code/recipes/server/test/helpers/formatRecipeImages.mock.ts": {"path":"/Users/nouryjanse/Code/recipes/server/test/helpers/formatRecipeImages.mock.ts","statementMap":{"0":{"start":{"line":7,"column":36},"end":{"line":83,"column":null}},"1":{"start":{"line":85,"column":0},"end":{"line":85,"column":null}}},"fnMap":{},"branchMap":{},"s":{"0":1,"1":1},"f":{},"b":{}}
,"/Users/nouryjanse/Code/recipes/server/types/Error.ts": {"path":"/Users/nouryjanse/Code/recipes/server/types/Error.ts","statementMap":{"0":{"start":{"line":6,"column":9},"end":{"line":6,"column":33}},"1":{"start":{"line":6,"column":35},"end":{"line":6,"column":61}},"2":{"start":{"line":6,"column":63},"end":{"line":6,"column":77}},"3":{"start":{"line":6,"column":79},"end":{"line":6,"column":90}}},"fnMap":{},"branchMap":{},"s":{"0":3,"1":3,"2":3,"3":3},"f":{},"b":{}}
}
