TN:
SF:app.ts
FN:7,(anonymous_1)
FNF:1
FNH:1
FNDA:3,(anonymous_1)
DA:1,3
DA:2,3
DA:3,3
DA:6,3
DA:15,3
DA:22,3
DA:27,3
LF:7
LH:7
BRF:0
BRH:0
end_of_record
TN:
SF:constants/ERROR_MESSAGES.ts
FNF:0
FNH:0
DA:1,3
DA:4,3
LF:2
LH:2
BRF:0
BRH:0
end_of_record
TN:
SF:constants/HTTP_CODES.ts
FNF:0
FNH:0
DA:1,3
DA:13,3
LF:2
LH:2
BRF:0
BRH:0
end_of_record
TN:
SF:constants/index.ts
FN:1,(anonymous_1)
FNF:1
FNH:1
FNDA:5,(anonymous_1)
DA:1,8
LF:1
LH:1
BRF:0
BRH:0
end_of_record
TN:
SF:controllers/recipes/createRecipe.ts
FN:6,(anonymous_7)
FN:9,(anonymous_8)
FNF:2
FNH:2
FNDA:3,(anonymous_7)
FNDA:3,(anonymous_8)
DA:2,3
DA:3,3
DA:4,3
DA:6,3
DA:9,3
DA:10,3
DA:11,3
DA:19,2
DA:21,2
DA:23,0
DA:24,0
DA:25,0
DA:28,0
DA:30,3
DA:31,3
DA:32,1
DA:34,2
DA:38,3
LF:18
LH:14
BRDA:19,0,0,0
BRDA:24,1,0,0
BRDA:24,2,0,0
BRDA:24,2,1,0
BRDA:31,3,0,1
BRF:5
BRH:1
end_of_record
TN:
SF:controllers/recipes/deleteRecipe.ts
FN:5,(anonymous_7)
FN:11,(anonymous_8)
FNF:2
FNH:0
FNDA:0,(anonymous_7)
FNDA:0,(anonymous_8)
DA:2,3
DA:3,3
DA:5,3
DA:11,0
DA:12,0
DA:14,0
DA:16,0
DA:17,0
DA:18,0
DA:21,0
DA:23,0
DA:25,0
DA:26,0
DA:30,3
LF:14
LH:4
BRDA:17,0,0,0
BRDA:17,1,0,0
BRDA:17,1,1,0
BRF:3
BRH:0
end_of_record
TN:
SF:controllers/recipes/getRecipe.ts
FN:8,(anonymous_7)
FN:11,(anonymous_8)
FNF:2
FNH:0
FNDA:0,(anonymous_7)
FNDA:0,(anonymous_8)
DA:3,3
DA:4,3
DA:5,3
DA:6,3
DA:8,3
DA:11,0
DA:12,0
DA:13,0
DA:14,0
DA:16,0
DA:17,0
DA:18,0
DA:20,0
DA:24,3
LF:14
LH:6
BRDA:17,0,0,0
BRF:1
BRH:0
end_of_record
TN:
SF:controllers/recipes/getRecipes.ts
FN:6,(anonymous_7)
FN:12,(anonymous_8)
FNF:2
FNH:2
FNDA:2,(anonymous_7)
FNDA:2,(anonymous_8)
DA:2,3
DA:3,3
DA:4,3
DA:6,3
DA:12,2
DA:13,2
DA:14,2
DA:16,2
DA:17,0
DA:18,2
DA:19,0
DA:20,0
DA:21,0
DA:24,2
DA:25,0
DA:26,0
DA:28,0
DA:30,2
DA:31,2
DA:32,2
DA:34,0
DA:38,3
LF:22
LH:14
BRDA:16,0,0,0
BRDA:16,0,1,2
BRDA:16,1,0,2
BRDA:16,1,1,0
BRDA:18,2,0,0
BRDA:25,3,0,0
BRDA:25,4,0,0
BRDA:25,4,1,0
BRDA:31,5,0,2
BRF:9
BRH:3
end_of_record
TN:
SF:controllers/recipes/index.ts
FN:1,(anonymous_1)
FN:2,(anonymous_2)
FN:3,(anonymous_3)
FN:4,(anonymous_4)
FN:5,(anonymous_5)
FNF:5
FNH:5
FNDA:3,(anonymous_1)
FNDA:3,(anonymous_2)
FNDA:3,(anonymous_3)
FNDA:3,(anonymous_4)
FNDA:3,(anonymous_5)
DA:1,6
DA:2,6
DA:3,6
DA:4,6
DA:5,6
LF:5
LH:5
BRF:0
BRH:0
end_of_record
TN:
SF:controllers/recipes/updateRecipe.ts
FN:9,(anonymous_8)
FN:12,(anonymous_9)
FN:25,(anonymous_10)
FN:25,(anonymous_11)
FN:29,(anonymous_12)
FN:32,(anonymous_13)
FNF:6
FNH:0
FNDA:0,(anonymous_8)
FNDA:0,(anonymous_9)
FNDA:0,(anonymous_10)
FNDA:0,(anonymous_11)
FNDA:0,(anonymous_12)
FNDA:0,(anonymous_13)
DA:2,3
DA:3,3
DA:4,3
DA:5,3
DA:6,3
DA:7,3
DA:9,3
DA:12,0
DA:13,0
DA:15,0
DA:24,0
DA:25,0
DA:26,0
DA:28,0
DA:30,0
DA:33,0
DA:37,0
DA:38,0
DA:39,0
DA:42,0
DA:43,0
DA:44,0
DA:45,0
DA:48,0
DA:49,0
DA:51,0
DA:52,0
DA:53,0
DA:55,0
DA:61,3
LF:30
LH:8
BRDA:24,0,0,0
BRDA:24,1,0,0
BRDA:24,1,1,0
BRDA:38,2,0,0
BRDA:38,3,0,0
BRDA:38,3,1,0
BRDA:42,4,0,0
BRDA:42,5,0,0
BRDA:42,5,1,0
BRDA:44,6,0,0
BRDA:52,7,0,0
BRF:11
BRH:0
end_of_record
TN:
SF:helpers/formatRecipeImages.ts
FN:3,(anonymous_0)
FN:4,(anonymous_1)
FNF:2
FNH:2
FNDA:1,(anonymous_0)
FNDA:3,(anonymous_1)
DA:3,4
DA:4,1
DA:6,3
DA:8,3
DA:10,3
DA:11,3
DA:13,0
DA:17,4
LF:8
LH:7
BRDA:6,0,0,3
BRDA:6,1,0,3
BRDA:6,1,1,3
BRF:3
BRH:3
end_of_record
TN:
SF:helpers/index.ts
FN:1,(anonymous_1)
FNF:1
FNH:1
FNDA:1,(anonymous_1)
DA:1,5
LF:1
LH:1
BRF:0
BRH:0
end_of_record
TN:
SF:models/images/createImage.ts
FN:18,(anonymous_7)
FN:22,(anonymous_8)
FN:27,(anonymous_9)
FN:55,(anonymous_10)
FN:55,(anonymous_11)
FNF:5
FNH:0
FNDA:0,(anonymous_7)
FNDA:0,(anonymous_8)
FNDA:0,(anonymous_9)
FNDA:0,(anonymous_10)
FNDA:0,(anonymous_11)
DA:1,3
DA:3,3
DA:5,3
DA:7,3
DA:8,3
DA:15,0
DA:18,3
DA:22,0
DA:23,0
DA:24,0
DA:28,0
DA:32,0
DA:50,0
DA:52,0
DA:53,0
DA:55,0
DA:56,0
DA:61,3
LF:18
LH:7
BRDA:35,0,0,0
BRDA:35,0,1,0
BRDA:36,1,0,0
BRDA:36,1,1,0
BRDA:37,2,0,0
BRDA:37,2,1,0
BRDA:38,3,0,0
BRDA:38,3,1,0
BRDA:42,4,0,0
BRDA:42,4,1,0
BRDA:43,5,0,0
BRDA:43,5,1,0
BRF:12
BRH:0
end_of_record
TN:
SF:models/images/deleteImage.ts
FN:18,(anonymous_7)
FN:21,(anonymous_8)
FN:26,(anonymous_9)
FN:40,(anonymous_10)
FN:40,(anonymous_11)
FNF:5
FNH:0
FNDA:0,(anonymous_7)
FNDA:0,(anonymous_8)
FNDA:0,(anonymous_9)
FNDA:0,(anonymous_10)
FNDA:0,(anonymous_11)
DA:1,3
DA:3,3
DA:5,3
DA:7,3
DA:8,3
DA:15,0
DA:18,3
DA:21,0
DA:22,0
DA:23,0
DA:27,0
DA:31,0
DA:35,0
DA:37,0
DA:38,0
DA:40,0
DA:41,0
DA:46,3
LF:18
LH:7
BRF:0
BRH:0
end_of_record
TN:
SF:models/images/index.ts
FN:1,(anonymous_1)
FN:2,(anonymous_2)
FN:3,(anonymous_3)
FNF:3
FNH:0
FNDA:0,(anonymous_1)
FNDA:0,(anonymous_2)
FNDA:0,(anonymous_3)
DA:1,3
DA:2,3
DA:3,3
LF:3
LH:3
BRF:0
BRH:0
end_of_record
TN:
SF:models/images/updateImage.ts
FN:6,(anonymous_7)
FN:6,(anonymous_8)
FN:20,(anonymous_9)
FN:20,(anonymous_10)
FNF:4
FNH:0
FNDA:0,(anonymous_7)
FNDA:0,(anonymous_8)
FNDA:0,(anonymous_9)
FNDA:0,(anonymous_10)
DA:1,3
DA:4,3
DA:6,3
DA:7,0
DA:8,0
DA:15,0
DA:17,0
DA:18,0
DA:20,0
DA:21,0
DA:26,3
LF:11
LH:4
BRDA:11,0,0,0
BRDA:11,0,1,0
BRF:2
BRH:0
end_of_record
TN:
SF:models/recipes/createRecipe.ts
FN:8,(anonymous_7)
FN:14,(anonymous_8)
FN:32,(anonymous_9)
FN:32,(anonymous_10)
FNF:4
FNH:2
FNDA:3,(anonymous_7)
FNDA:3,(anonymous_8)
FNDA:0,(anonymous_9)
FNDA:0,(anonymous_10)
DA:1,3
DA:2,3
DA:4,3
DA:6,3
DA:8,3
DA:14,3
DA:15,3
DA:16,3
DA:24,2
DA:26,1
DA:27,1
DA:28,1
DA:30,0
DA:32,3
DA:33,0
DA:38,3
LF:16
LH:14
BRDA:27,0,0,1
BRDA:27,1,0,1
BRDA:27,1,1,1
BRF:3
BRH:3
end_of_record
TN:
SF:models/recipes/deleteRecipe.ts
FN:6,(anonymous_7)
FN:6,(anonymous_8)
FN:21,(anonymous_9)
FN:21,(anonymous_10)
FNF:4
FNH:0
FNDA:0,(anonymous_7)
FNDA:0,(anonymous_8)
FNDA:0,(anonymous_9)
FNDA:0,(anonymous_10)
DA:1,3
DA:4,3
DA:6,3
DA:7,0
DA:9,0
DA:10,0
DA:16,0
DA:18,0
DA:19,0
DA:21,0
DA:22,0
DA:27,3
LF:12
LH:4
BRDA:7,0,0,0
BRF:1
BRH:0
end_of_record
TN:
SF:models/recipes/getRecipe.ts
FN:7,(anonymous_7)
FN:7,(anonymous_8)
FN:31,(anonymous_9)
FN:31,(anonymous_10)
FNF:4
FNH:0
FNDA:0,(anonymous_7)
FNDA:0,(anonymous_8)
FNDA:0,(anonymous_9)
FNDA:0,(anonymous_10)
DA:1,3
DA:3,3
DA:5,3
DA:7,3
DA:8,0
DA:9,0
DA:22,0
DA:23,0
DA:25,0
DA:26,0
DA:27,0
DA:29,0
DA:31,0
DA:32,0
DA:37,3
LF:15
LH:5
BRDA:22,0,0,0
BRDA:26,1,0,0
BRF:2
BRH:0
end_of_record
TN:
SF:models/recipes/getRecipes.ts
FN:8,(anonymous_7)
FN:8,(anonymous_8)
FN:34,(anonymous_9)
FN:34,(anonymous_10)
FNF:4
FNH:2
FNDA:4,(anonymous_7)
FNDA:4,(anonymous_8)
FNDA:0,(anonymous_9)
FNDA:0,(anonymous_10)
DA:1,3
DA:3,3
DA:4,3
DA:6,3
DA:8,4
DA:9,4
DA:10,4
DA:23,4
DA:24,4
DA:26,0
DA:28,4
DA:29,4
DA:30,4
DA:32,0
DA:34,4
DA:35,0
DA:40,3
LF:17
LH:14
BRDA:24,0,0,4
BRDA:29,1,0,4
BRF:2
BRH:2
end_of_record
TN:
SF:models/recipes/index.ts
FN:1,(anonymous_1)
FN:2,(anonymous_2)
FN:3,(anonymous_3)
FN:4,(anonymous_4)
FN:5,(anonymous_5)
FNF:5
FNH:2
FNDA:3,(anonymous_1)
FNDA:0,(anonymous_2)
FNDA:0,(anonymous_3)
FNDA:4,(anonymous_4)
FNDA:0,(anonymous_5)
DA:1,6
DA:2,3
DA:3,3
DA:4,7
DA:5,3
LF:5
LH:5
BRF:0
BRH:0
end_of_record
TN:
SF:models/recipes/updateRecipe.ts
FN:8,(anonymous_7)
FN:15,(anonymous_8)
FN:36,(anonymous_9)
FN:36,(anonymous_10)
FNF:4
FNH:0
FNDA:0,(anonymous_7)
FNDA:0,(anonymous_8)
FNDA:0,(anonymous_9)
FNDA:0,(anonymous_10)
DA:1,3
DA:2,3
DA:4,3
DA:6,3
DA:8,3
DA:15,0
DA:16,0
DA:17,0
DA:28,0
DA:30,0
DA:31,0
DA:32,0
DA:34,0
DA:36,0
DA:37,0
DA:42,3
LF:16
LH:6
BRDA:31,0,0,0
BRDA:31,1,0,0
BRDA:31,1,1,0
BRF:3
BRH:0
end_of_record
TN:
SF:plugins/support.ts
FN:17,(anonymous_1)
FN:24,(anonymous_2)
FNF:2
FNH:2
FNDA:3,(anonymous_1)
FNDA:2,(anonymous_2)
DA:1,3
DA:3,3
DA:5,3
DA:6,3
DA:16,3
DA:22,3
DA:30,2
DA:31,0
DA:33,2
DA:37,3
LF:10
LH:9
BRDA:30,0,0,0
BRDA:30,0,1,2
BRF:2
BRH:1
end_of_record
TN:
SF:routes/root.ts
FN:5,(anonymous_8)
FN:27,(anonymous_9)
FN:27,(anonymous_10)
FNF:3
FNH:3
FNDA:3,(anonymous_8)
FNDA:1,(anonymous_9)
FNDA:1,(anonymous_10)
DA:1,3
DA:4,3
DA:10,3
DA:27,1
DA:28,1
DA:31,3
LF:6
LH:6
BRF:0
BRH:0
end_of_record
TN:
SF:routes/ingredients/index.ts
FN:5,(anonymous_1)
FN:12,(anonymous_2)
FNF:2
FNH:1
FNDA:3,(anonymous_1)
FNDA:0,(anonymous_2)
DA:2,3
DA:4,3
DA:11,3
DA:16,3
LF:4
LH:4
BRF:0
BRH:0
end_of_record
TN:
SF:routes/recipes/controllers.ts
FN:6,(anonymous_7)
FN:9,(anonymous_8)
FN:22,(anonymous_9)
FN:25,(anonymous_10)
FNF:4
FNH:0
FNDA:0,(anonymous_7)
FNDA:0,(anonymous_8)
FNDA:0,(anonymous_9)
FNDA:0,(anonymous_10)
DA:3,3
DA:4,3
DA:6,3
DA:9,0
DA:10,0
DA:11,0
DA:12,0
DA:13,0
DA:14,0
DA:18,0
DA:19,0
DA:22,3
DA:25,0
DA:26,0
DA:28,0
DA:29,0
DA:30,0
DA:33,0
DA:34,0
DA:36,0
DA:38,0
DA:39,0
DA:43,3
LF:23
LH:5
BRDA:11,0,0,0
BRDA:13,1,0,0
BRDA:29,2,0,0
BRF:3
BRH:0
end_of_record
TN:
SF:routes/recipes/index.ts
FN:14,(anonymous_1)
FNF:1
FNH:1
FNDA:3,(anonymous_1)
DA:2,3
DA:3,3
DA:11,3
DA:13,3
DA:20,3
DA:26,3
DA:29,3
DA:34,3
DA:40,3
DA:46,3
DA:52,3
DA:57,3
LF:12
LH:12
BRF:0
BRH:0
end_of_record
TN:
SF:routes/users/index.ts
FN:14,(anonymous_8)
FN:20,(anonymous_9)
FN:20,(anonymous_10)
FN:31,(anonymous_11)
FN:31,(anonymous_12)
FNF:5
FNH:1
FNDA:3,(anonymous_8)
FNDA:0,(anonymous_9)
FNDA:0,(anonymous_10)
FNDA:0,(anonymous_11)
FNDA:0,(anonymous_12)
DA:8,3
DA:13,3
DA:19,3
DA:20,0
DA:25,0
DA:30,3
DA:31,0
DA:36,0
DA:41,3
LF:9
LH:5
BRF:0
BRH:0
end_of_record
TN:
SF:test/setupTestApplication.ts
FN:10,config
FN:17,build
FN:24,(anonymous_11)
FN:24,(anonymous_12)
FN:29,(anonymous_13)
FNF:5
FNH:5
FNDA:3,config
FNDA:3,build
FNDA:3,(anonymous_11)
FNDA:3,(anonymous_12)
FNDA:3,(anonymous_13)
DA:2,3
DA:3,3
DA:4,3
DA:6,3
DA:11,3
DA:18,3
DA:24,3
DA:25,3
DA:26,3
DA:29,3
DA:31,3
DA:34,3
LF:12
LH:12
BRDA:6,0,0,3
BRDA:6,0,1,0
BRF:2
BRH:1
end_of_record
TN:
SF:test/helpers/formatRecipeImages.mock.ts
FNF:0
FNH:0
DA:7,1
DA:85,1
LF:2
LH:2
BRF:0
BRH:0
end_of_record
TN:
SF:types/Error.ts
FNF:0
FNH:0
DA:6,3
LF:1
LH:1
BRF:0
BRH:0
end_of_record
